2026-05-23 01:29:00,064 [WARNING] main: Arquivo não encontrado: C:\Projeto\leitor-regex\cachorro\01_atendimentos_bagunçados.txt
2026-05-23 01:29:00,064 [WARNING] main: Arquivo não encontrado: C:\Projeto\leitor-regex\cachorro\02_logs_mistos.log
2026-05-23 01:29:00,066 [WARNING] main: Arquivo não encontrado: C:\Projeto\leitor-regex\cachorro\03_mensagens_chat.txt
2026-05-23 01:29:00,067 [WARNING] main: Arquivo não encontrado: C:\Projeto\leitor-regex\cachorro\04_exportacao_suja.csv
2026-05-23 01:29:00,086 [ERROR] main: Nenhum arquivo carregado.
2026-05-23 01:30:22,803 [WARNING] reader: chardet não instalado. Usando utf-8.
2026-05-23 01:30:22,866 [INFO] reader: Arquivo lido: 01_atendimentos_bagunçados.txt | linhas=4921 | encoding=utf-8
2026-05-23 01:30:22,875 [WARNING] reader: chardet não instalado. Usando utf-8.
2026-05-23 01:30:23,136 [INFO] reader: Arquivo lido: 02_logs_mistos.log | linhas=8000 | encoding=utf-8
2026-05-23 01:30:23,155 [WARNING] reader: chardet não instalado. Usando utf-8.
2026-05-23 01:30:23,247 [INFO] reader: Arquivo lido: 03_mensagens_chat.txt | linhas=3239 | encoding=utf-8
2026-05-23 01:30:23,250 [WARNING] reader: chardet não instalado. Usando utf-8.
2026-05-23 01:30:23,320 [INFO] reader: Arquivo lido: 04_exportacao_suja.csv | linhas=5001 | encoding=utf-8
2026-05-23 01:30:23,325 [INFO] detector: Tipo detectado para 01_atendimentos_bagunçados.txt: chat
2026-05-23 01:30:23,352 [INFO] detector: Tipo detectado para 02_logs_mistos.log: chat
2026-05-23 01:30:23,354 [INFO] detector: Tipo detectado para 03_mensagens_chat.txt: chat
2026-05-23 01:30:23,356 [INFO] detector: Tipo detectado para 04_exportacao_suja.csv: csv
2026-05-23 01:30:23,368 [INFO] extractor: Processando arquivo: 01_atendimentos_bagunçados.txt
2026-05-23 01:30:23,863 [INFO] extractor: Processando arquivo: 02_logs_mistos.log
2026-05-23 01:30:26,423 [INFO] extractor: Processando arquivo: 03_mensagens_chat.txt
2026-05-23 01:30:26,899 [INFO] extractor: Processando arquivo: 04_exportacao_suja.csv
2026-05-23 01:30:27,401 [INFO] extractor: Extração finalizada: 59793 ocorrências
2026-05-23 01:30:27,641 [INFO] validator: Validando 59793 ocorrências
2026-05-23 01:30:28,014 [INFO] validator: Resumo validação | estrutural válido=22208 | estrutural inválido=37585 | semântico inválido=0
2026-05-23 01:30:28,291 [INFO] statistics: Estatísticas calculadas | ocorrências=59793 | inconsistência=62.86% | confiança=0.52
2026-05-23 01:30:51,718 [INFO] exporter: JSON exportado: C:\Projeto\leitor-regex\cachorro\output\resultados_20260523_013022.json
2026-05-23 01:30:55,871 [INFO] exporter: CSV exportado: C:\Projeto\leitor-regex\cachorro\output\resultados_20260523_013022.csv
2026-05-23 01:30:57,755 [INFO] exporter: Relatório exportado: C:\Projeto\leitor-regex\cachorro\output\relatorio_20260523_013022.txt
2026-05-23 01:39:49,025 [WARNING] reader: chardet não instalado. Usando utf-8.
2026-05-23 01:39:49,060 [INFO] reader: Arquivo lido: 01_atendimentos_bagunçados.txt | linhas=4921 | encoding=utf-8
2026-05-23 01:39:49,102 [WARNING] reader: chardet não instalado. Usando utf-8.
2026-05-23 01:39:49,163 [INFO] reader: Arquivo lido: 02_logs_mistos.log | linhas=8000 | encoding=utf-8
2026-05-23 01:39:49,541 [WARNING] reader: chardet não instalado. Usando utf-8.
2026-05-23 01:39:49,554 [INFO] reader: Arquivo lido: 03_mensagens_chat.txt | linhas=3239 | encoding=utf-8
2026-05-23 01:39:49,556 [WARNING] reader: chardet não instalado. Usando utf-8.
2026-05-23 01:39:49,577 [INFO] reader: Arquivo lido: 04_exportacao_suja.csv | linhas=5001 | encoding=utf-8
2026-05-23 01:39:49,719 [INFO] detector: Tipo detectado para 01_atendimentos_bagunçados.txt: chat
2026-05-23 01:39:49,721 [INFO] detector: Tipo detectado para 02_logs_mistos.log: chat
2026-05-23 01:39:49,723 [INFO] detector: Tipo detectado para 03_mensagens_chat.txt: chat
2026-05-23 01:39:49,733 [INFO] detector: Tipo detectado para 04_exportacao_suja.csv: csv
2026-05-23 01:39:49,751 [INFO] extractor: Processando arquivo: 01_atendimentos_bagunçados.txt
2026-05-23 01:39:50,291 [INFO] extractor: Processando arquivo: 02_logs_mistos.log
2026-05-23 01:39:51,395 [INFO] extractor: Processando arquivo: 03_mensagens_chat.txt
2026-05-23 01:39:52,116 [INFO] extractor: Processando arquivo: 04_exportacao_suja.csv
2026-05-23 01:39:52,682 [INFO] extractor: Extração finalizada: 59793 ocorrências
2026-05-23 01:39:52,747 [INFO] validator: Validando 59793 ocorrências
2026-05-23 01:39:53,071 [INFO] validator: Resumo validação | estrutural válido=22208 | estrutural inválido=37585 | semântico inválido=0
2026-05-23 01:39:53,851 [INFO] statistics: Estatísticas calculadas | ocorrências=59793 | inconsistência=62.86% | confiança=0.52
2026-05-23 01:40:00,280 [INFO] exporter: JSON exportado: C:\Projeto\leitor-regex\cachorro\output\resultados_20260523_013949.json
2026-05-23 01:40:04,539 [INFO] exporter: CSV exportado: C:\Projeto\leitor-regex\cachorro\output\resultados_20260523_013949.csv
2026-05-23 01:40:08,027 [INFO] exporter: Relatório exportado: C:\Projeto\leitor-regex\cachorro\output\relatorio_20260523_013949.txt
2026-05-23 01:53:31,993 [WARNING] reader: chardet não instalado. Usando utf-8.
2026-05-23 01:53:32,012 [INFO] reader: Arquivo lido: 01_atendimentos_bagunçados.txt | linhas=4921 | encoding=utf-8
2026-05-23 01:53:32,043 [WARNING] reader: chardet não instalado. Usando utf-8.
2026-05-23 01:53:32,098 [INFO] reader: Arquivo lido: 02_logs_mistos.log | linhas=8000 | encoding=utf-8
2026-05-23 01:53:32,144 [WARNING] reader: chardet não instalado. Usando utf-8.
2026-05-23 01:53:32,158 [INFO] reader: Arquivo lido: 03_mensagens_chat.txt | linhas=3239 | encoding=utf-8
2026-05-23 01:53:32,177 [WARNING] reader: chardet não instalado. Usando utf-8.
2026-05-23 01:53:32,210 [INFO] reader: Arquivo lido: 04_exportacao_suja.csv | linhas=5001 | encoding=utf-8
2026-05-23 01:53:32,228 [INFO] detector: Tipo detectado para 01_atendimentos_bagunçados.txt: chat
2026-05-23 01:53:32,230 [INFO] detector: Tipo detectado para 02_logs_mistos.log: chat
2026-05-23 01:53:32,232 [INFO] detector: Tipo detectado para 03_mensagens_chat.txt: chat
2026-05-23 01:53:32,232 [INFO] detector: Tipo detectado para 04_exportacao_suja.csv: csv
2026-05-23 01:53:32,277 [INFO] extractor: Processando arquivo: 01_atendimentos_bagunçados.txt
2026-05-23 01:53:46,963 [INFO] extractor: Processando arquivo: 02_logs_mistos.log
2026-05-23 01:54:00,043 [INFO] extractor: Processando arquivo: 03_mensagens_chat.txt
2026-05-23 01:54:00,481 [INFO] extractor: Processando arquivo: 04_exportacao_suja.csv
2026-05-23 01:54:00,979 [INFO] extractor: Extração finalizada: 59793 ocorrências
2026-05-23 01:54:01,065 [INFO] validator: Validando 59793 ocorrências
2026-05-23 01:54:03,911 [INFO] validator: Resumo validação | estrutural válido=22208 | estrutural inválido=37585 | semântico inválido=0
2026-05-23 01:54:04,471 [INFO] statistics: Estatísticas calculadas | ocorrências=59793 | inconsistência=62.86% | confiança=0.52
2026-05-23 01:54:23,441 [INFO] exporter: JSON exportado: C:\Projeto\leitor-regex\cachorro\output\resultados_20260523_015331.json
2026-05-23 01:54:25,594 [INFO] exporter: CSV exportado: C:\Projeto\leitor-regex\cachorro\output\resultados_20260523_015331.csv
2026-05-23 01:54:26,094 [INFO] exporter: Relatório exportado: C:\Projeto\leitor-regex\cachorro\output\relatorio_20260523_015331.txt
2026-05-23 02:09:07,091 [WARNING] reader: chardet não instalado. Usando utf-8.
2026-05-23 02:09:07,137 [INFO] reader: Arquivo lido: 01_atendimentos_bagunçados.txt | linhas=4921 | encoding=utf-8
2026-05-23 02:09:07,142 [WARNING] reader: chardet não instalado. Usando utf-8.
2026-05-23 02:09:07,209 [INFO] reader: Arquivo lido: 02_logs_mistos.log | linhas=8000 | encoding=utf-8
2026-05-23 02:09:07,213 [WARNING] reader: chardet não instalado. Usando utf-8.
2026-05-23 02:09:07,243 [INFO] reader: Arquivo lido: 03_mensagens_chat.txt | linhas=3239 | encoding=utf-8
2026-05-23 02:09:07,247 [WARNING] reader: chardet não instalado. Usando utf-8.
2026-05-23 02:09:07,298 [INFO] reader: Arquivo lido: 04_exportacao_suja.csv | linhas=5001 | encoding=utf-8
2026-05-23 02:09:07,307 [INFO] detector: Tipo detectado para 01_atendimentos_bagunçados.txt: chat
2026-05-23 02:09:07,310 [INFO] detector: Tipo detectado para 02_logs_mistos.log: chat
2026-05-23 02:09:07,311 [INFO] detector: Tipo detectado para 03_mensagens_chat.txt: chat
2026-05-23 02:09:07,314 [INFO] detector: Tipo detectado para 04_exportacao_suja.csv: csv
2026-05-23 02:09:07,348 [INFO] extractor: Processando arquivo: 01_atendimentos_bagunçados.txt
2026-05-23 02:09:09,120 [INFO] extractor: Processando arquivo: 02_logs_mistos.log
2026-05-23 02:09:10,315 [INFO] extractor: Processando arquivo: 03_mensagens_chat.txt
2026-05-23 02:09:10,773 [INFO] extractor: Processando arquivo: 04_exportacao_suja.csv
2026-05-23 02:09:12,152 [INFO] extractor: Extração finalizada: 59793 ocorrências
2026-05-23 02:09:12,217 [INFO] validator: Validando 59793 ocorrências
2026-05-23 02:09:12,545 [INFO] validator: Resumo validação | estrutural válido=22208 | estrutural inválido=37585 | semântico inválido=0
2026-05-23 02:09:12,863 [INFO] statistics: Estatísticas calculadas | ocorrências=59793 | inconsistência=62.86% | confiança=0.52
2026-05-23 02:09:25,720 [INFO] exporter: JSON exportado: C:\Projeto\leitor-regex\cachorro\output\resultados_20260523_020907.json
2026-05-23 02:09:29,672 [INFO] exporter: CSV exportado: C:\Projeto\leitor-regex\cachorro\output\resultados_20260523_020907.csv
2026-05-23 02:09:30,137 [INFO] exporter: Relatório exportado: C:\Projeto\leitor-regex\cachorro\output\relatorio_20260523_020907.txt
2026-05-23 02:14:55,826 [WARNING] reader: chardet não instalado. Usando utf-8.
2026-05-23 02:14:55,860 [INFO] reader: Arquivo lido: 01_atendimentos_bagunçados.txt | linhas=4921 | encoding=utf-8
2026-05-23 02:14:55,924 [WARNING] reader: chardet não instalado. Usando utf-8.
2026-05-23 02:14:55,967 [INFO] reader: Arquivo lido: 02_logs_mistos.log | linhas=8000 | encoding=utf-8
2026-05-23 02:14:55,975 [WARNING] reader: chardet não instalado. Usando utf-8.
2026-05-23 02:14:56,013 [INFO] reader: Arquivo lido: 03_mensagens_chat.txt | linhas=3239 | encoding=utf-8
2026-05-23 02:14:56,027 [WARNING] reader: chardet não instalado. Usando utf-8.
2026-05-23 02:14:56,060 [INFO] reader: Arquivo lido: 04_exportacao_suja.csv | linhas=5001 | encoding=utf-8
2026-05-23 02:14:56,084 [INFO] detector: Tipo detectado para 01_atendimentos_bagunçados.txt: chat
2026-05-23 02:14:56,115 [INFO] detector: Tipo detectado para 02_logs_mistos.log: chat
2026-05-23 02:14:56,117 [INFO] detector: Tipo detectado para 03_mensagens_chat.txt: chat
2026-05-23 02:14:56,128 [INFO] detector: Tipo detectado para 04_exportacao_suja.csv: csv
2026-05-23 02:14:56,132 [INFO] extractor: Processando arquivo: 01_atendimentos_bagunçados.txt
2026-05-23 02:15:08,574 [INFO] extractor: Processando arquivo: 02_logs_mistos.log
2026-05-23 02:15:13,266 [INFO] extractor: Processando arquivo: 03_mensagens_chat.txt
2026-05-23 02:15:13,797 [INFO] extractor: Processando arquivo: 04_exportacao_suja.csv
2026-05-23 02:15:14,527 [INFO] extractor: Extração finalizada: 59793 ocorrências
2026-05-23 02:15:14,581 [INFO] validator: Validando 59793 ocorrências
2026-05-23 02:15:14,945 [INFO] validator: Resumo validação | estrutural válido=22208 | estrutural inválido=37585 | semântico inválido=0
2026-05-23 02:15:15,325 [INFO] statistics: Estatísticas calculadas | ocorrências=59793 | inconsistência=62.86% | confiança=0.52
2026-05-23 02:15:20,955 [INFO] exporter: JSON exportado: C:\Projeto\leitor-regex\cachorro\output\resultados_20260523_021455.json
2026-05-23 02:15:22,700 [INFO] exporter: CSV exportado: C:\Projeto\leitor-regex\cachorro\output\resultados_20260523_021455.csv
2026-05-23 02:15:22,705 [INFO] exporter: Relatório exportado: C:\Projeto\leitor-regex\cachorro\output\relatorio_20260523_021455.txt
2026-05-23 03:00:15,759 [WARNING] reader: chardet não instalado. Usando utf-8.
2026-05-23 03:00:15,860 [INFO] reader: Arquivo lido: 01_atendimentos_bagunçados.txt | linhas=4921 | encoding=utf-8
2026-05-23 03:00:15,864 [WARNING] reader: chardet não instalado. Usando utf-8.
2026-05-23 03:00:15,964 [INFO] reader: Arquivo lido: 02_logs_mistos.log | linhas=8000 | encoding=utf-8
2026-05-23 03:00:15,975 [WARNING] reader: chardet não instalado. Usando utf-8.
2026-05-23 03:00:15,995 [INFO] reader: Arquivo lido: 03_mensagens_chat.txt | linhas=3239 | encoding=utf-8
2026-05-23 03:00:16,018 [WARNING] reader: chardet não instalado. Usando utf-8.
2026-05-23 03:00:16,073 [INFO] reader: Arquivo lido: 04_exportacao_suja.csv | linhas=5001 | encoding=utf-8
2026-05-23 03:00:16,078 [INFO] detector: Tipo detectado para 01_atendimentos_bagunçados.txt: chat
2026-05-23 03:00:16,122 [INFO] detector: Tipo detectado para 02_logs_mistos.log: chat
2026-05-23 03:00:16,287 [INFO] detector: Tipo detectado para 03_mensagens_chat.txt: chat
2026-05-23 03:00:16,411 [INFO] detector: Tipo detectado para 04_exportacao_suja.csv: csv
2026-05-23 03:00:16,594 [INFO] extractor: Processando arquivo: 01_atendimentos_bagunçados.txt
2026-05-23 03:00:18,255 [INFO] extractor: Processando arquivo: 02_logs_mistos.log
2026-05-23 03:00:19,387 [INFO] extractor: Processando arquivo: 03_mensagens_chat.txt
2026-05-23 03:00:19,821 [INFO] extractor: Processando arquivo: 04_exportacao_suja.csv
2026-05-23 03:00:21,680 [INFO] extractor: Extração finalizada: 59793 ocorrências
2026-05-23 03:00:21,761 [INFO] validator: Validando 59793 ocorrências
2026-05-23 03:00:22,197 [INFO] validator: Resumo validação | estrutural válido=22208 | estrutural inválido=37585 | semântico inválido=0
2026-05-23 03:00:22,469 [INFO] statistics: Estatísticas calculadas | ocorrências=59793 | inconsistência=62.86% | confiança=0.52
2026-05-23 03:00:31,030 [INFO] exporter: JSON exportado: C:\Projeto\leitor-regex\cachorro\output\resultados_20260523_030015.json
2026-05-23 03:00:37,611 [INFO] exporter: CSV exportado: C:\Projeto\leitor-regex\cachorro\output\resultados_20260523_030015.csv
2026-05-23 03:00:37,623 [INFO] exporter: Relatório exportado: C:\Projeto\leitor-regex\cachorro\output\relatorio_20260523_030015.txt
2026-05-23 03:46:03,714 [WARNING] reader: chardet não instalado. Usando utf-8.
2026-05-23 03:46:03,774 [INFO] reader: Arquivo lido: 01_atendimentos_bagunçados.txt | linhas=4921 | encoding=utf-8
2026-05-23 03:46:03,794 [WARNING] reader: chardet não instalado. Usando utf-8.
2026-05-23 03:46:03,906 [INFO] reader: Arquivo lido: 02_logs_mistos.log | linhas=8000 | encoding=utf-8
2026-05-23 03:46:03,976 [WARNING] reader: chardet não instalado. Usando utf-8.
2026-05-23 03:46:04,015 [INFO] reader: Arquivo lido: 03_mensagens_chat.txt | linhas=3239 | encoding=utf-8
2026-05-23 03:46:04,019 [WARNING] reader: chardet não instalado. Usando utf-8.
2026-05-23 03:46:04,040 [INFO] reader: Arquivo lido: 04_exportacao_suja.csv | linhas=5001 | encoding=utf-8
2026-05-23 03:46:04,123 [INFO] detector: Tipo detectado para 01_atendimentos_bagunçados.txt: chat
2026-05-23 03:46:04,125 [INFO] detector: Tipo detectado para 02_logs_mistos.log: chat
2026-05-23 03:46:04,158 [INFO] detector: Tipo detectado para 03_mensagens_chat.txt: chat
2026-05-23 03:46:04,160 [INFO] detector: Tipo detectado para 04_exportacao_suja.csv: csv
2026-05-23 03:46:04,171 [INFO] extractor: Processando arquivo: 01_atendimentos_bagunçados.txt
2026-05-23 03:46:05,872 [INFO] extractor: Processando arquivo: 02_logs_mistos.log
2026-05-23 03:46:07,078 [INFO] extractor: Processando arquivo: 03_mensagens_chat.txt
2026-05-23 03:46:10,355 [INFO] extractor: Processando arquivo: 04_exportacao_suja.csv
2026-05-23 03:46:14,856 [INFO] extractor: Extração finalizada: 59793 ocorrências
2026-05-23 03:46:15,081 [INFO] validator: Validando 59793 ocorrências
2026-05-23 03:46:17,438 [INFO] validator: Resumo validação | estrutural válido=22208 | estrutural inválido=37585 | semântico inválido=0
2026-05-23 03:46:17,885 [INFO] statistics: Estatísticas calculadas | ocorrências=59793 | inconsistência=62.86% | confiança=0.52
2026-05-23 03:46:32,438 [INFO] exporter: JSON exportado: C:\Projeto\leitor-regex\cachorro\output\resultados_20260523_034603.json
2026-05-23 03:46:34,324 [INFO] exporter: CSV exportado: C:\Projeto\leitor-regex\cachorro\output\resultados_20260523_034603.csv
2026-05-23 03:46:34,576 [INFO] exporter: Relatório exportado: C:\Projeto\leitor-regex\cachorro\output\relatorio_20260523_034603.txt
2026-05-23 03:53:57,099 [WARNING] reader: chardet não instalado. Usando utf-8.
2026-05-23 03:53:57,149 [INFO] reader: Arquivo lido: 01_atendimentos_bagunçados.txt | linhas=4921 | encoding=utf-8
2026-05-23 03:53:57,163 [WARNING] reader: chardet não instalado. Usando utf-8.
2026-05-23 03:53:57,242 [INFO] reader: Arquivo lido: 02_logs_mistos.log | linhas=8000 | encoding=utf-8
2026-05-23 03:53:57,246 [WARNING] reader: chardet não instalado. Usando utf-8.
2026-05-23 03:53:57,275 [INFO] reader: Arquivo lido: 03_mensagens_chat.txt | linhas=3239 | encoding=utf-8
2026-05-23 03:53:57,277 [WARNING] reader: chardet não instalado. Usando utf-8.
2026-05-23 03:53:57,314 [INFO] reader: Arquivo lido: 04_exportacao_suja.csv | linhas=5001 | encoding=utf-8
2026-05-23 03:53:57,320 [INFO] detector: Tipo detectado para 01_atendimentos_bagunçados.txt: chat
2026-05-23 03:53:57,351 [INFO] detector: Tipo detectado para 02_logs_mistos.log: chat
2026-05-23 03:53:57,366 [INFO] detector: Tipo detectado para 03_mensagens_chat.txt: chat
2026-05-23 03:53:57,366 [INFO] detector: Tipo detectado para 04_exportacao_suja.csv: csv
2026-05-23 03:53:57,385 [INFO] extractor: Processando arquivo: 01_atendimentos_bagunçados.txt
2026-05-23 03:53:57,948 [INFO] extractor: Processando arquivo: 02_logs_mistos.log
2026-05-23 03:53:59,022 [INFO] extractor: Processando arquivo: 03_mensagens_chat.txt
2026-05-23 03:53:59,787 [INFO] extractor: Processando arquivo: 04_exportacao_suja.csv
2026-05-23 03:54:00,381 [INFO] extractor: Extração finalizada: 59793 ocorrências
2026-05-23 03:54:00,460 [INFO] validator: Validando 59793 ocorrências
2026-05-23 03:54:00,966 [INFO] validator: Resumo validação | estrutural válido=22208 | estrutural inválido=37585 | semântico inválido=0
2026-05-23 03:54:01,395 [INFO] statistics: Estatísticas calculadas | ocorrências=59793 | inconsistência=62.86% | confiança=0.52
2026-05-23 03:54:08,928 [INFO] exporter: JSON exportado: C:\Projeto\leitor-regex\cachorro\output\resultados_20260523_035357.json
2026-05-23 03:54:10,473 [INFO] exporter: CSV exportado: C:\Projeto\leitor-regex\cachorro\output\resultados_20260523_035357.csv
2026-05-23 03:54:10,559 [INFO] exporter: Relatório exportado: C:\Projeto\leitor-regex\cachorro\output\relatorio_20260523_035357.txt
2026-05-23 03:59:29,253 [WARNING] reader: chardet não instalado. Usando utf-8.
2026-05-23 03:59:29,309 [INFO] reader: Arquivo lido: 01_atendimentos_bagunçados.txt | linhas=4921 | encoding=utf-8
2026-05-23 03:59:29,346 [WARNING] reader: chardet não instalado. Usando utf-8.
2026-05-23 03:59:29,414 [INFO] reader: Arquivo lido: 02_logs_mistos.log | linhas=8000 | encoding=utf-8
2026-05-23 03:59:29,542 [WARNING] reader: chardet não instalado. Usando utf-8.
2026-05-23 03:59:29,582 [INFO] reader: Arquivo lido: 03_mensagens_chat.txt | linhas=3239 | encoding=utf-8
2026-05-23 03:59:29,799 [WARNING] reader: chardet não instalado. Usando utf-8.
2026-05-23 03:59:29,860 [INFO] reader: Arquivo lido: 04_exportacao_suja.csv | linhas=5001 | encoding=utf-8
2026-05-23 03:59:29,878 [INFO] detector: Tipo detectado para 01_atendimentos_bagunçados.txt: chat
2026-05-23 03:59:29,886 [INFO] detector: Tipo detectado para 02_logs_mistos.log: chat
2026-05-23 03:59:29,902 [INFO] detector: Tipo detectado para 03_mensagens_chat.txt: chat
2026-05-23 03:59:29,902 [INFO] detector: Tipo detectado para 04_exportacao_suja.csv: csv
2026-05-23 03:59:29,948 [INFO] extractor: Processando arquivo: 01_atendimentos_bagunçados.txt
2026-05-23 03:59:30,433 [INFO] extractor: Processando arquivo: 02_logs_mistos.log
2026-05-23 03:59:31,483 [INFO] extractor: Processando arquivo: 03_mensagens_chat.txt
2026-05-23 03:59:32,033 [INFO] extractor: Processando arquivo: 04_exportacao_suja.csv
2026-05-23 03:59:33,739 [INFO] extractor: Extração finalizada: 59793 ocorrências
2026-05-23 03:59:33,820 [INFO] validator: Validando 59793 ocorrências
2026-05-23 03:59:34,260 [INFO] validator: Resumo validação | estrutural válido=59672 | estrutural inválido=121 | semântico inválido=8543
2026-05-23 03:59:34,550 [INFO] statistics: Estatísticas calculadas | ocorrências=59793 | inconsistência=0.20% | confiança=0.94
2026-05-23 03:59:51,824 [INFO] exporter: JSON exportado: C:\Projeto\leitor-regex\cachorro\output\resultados_20260523_035929.json
2026-05-23 03:59:56,305 [INFO] exporter: CSV exportado: C:\Projeto\leitor-regex\cachorro\output\resultados_20260523_035929.csv
2026-05-23 03:59:56,920 [INFO] exporter: Relatório exportado: C:\Projeto\leitor-regex\cachorro\output\relatorio_20260523_035929.txt
2026-05-23 10:55:23,520 [WARNING] reader: chardet não instalado. Usando utf-8.
2026-05-23 10:55:23,527 [INFO] reader: Arquivo lido: 01_atendimentos_bagunçados.txt | linhas=4921 | encoding=utf-8
2026-05-23 10:55:23,528 [WARNING] reader: chardet não instalado. Usando utf-8.
2026-05-23 10:55:23,543 [INFO] reader: Arquivo lido: 02_logs_mistos.log | linhas=8000 | encoding=utf-8
2026-05-23 10:55:23,546 [WARNING] reader: chardet não instalado. Usando utf-8.
2026-05-23 10:55:23,551 [INFO] reader: Arquivo lido: 03_mensagens_chat.txt | linhas=3239 | encoding=utf-8
2026-05-23 10:55:23,552 [WARNING] reader: chardet não instalado. Usando utf-8.
2026-05-23 10:55:23,561 [INFO] reader: Arquivo lido: 04_exportacao_suja.csv | linhas=5001 | encoding=utf-8
2026-05-23 10:55:23,562 [INFO] detector: Tipo detectado para 01_atendimentos_bagunçados.txt: chat
2026-05-23 10:55:23,562 [INFO] detector: Tipo detectado para 02_logs_mistos.log: chat
2026-05-23 10:55:23,563 [INFO] detector: Tipo detectado para 03_mensagens_chat.txt: chat
2026-05-23 10:55:23,563 [INFO] detector: Tipo detectado para 04_exportacao_suja.csv: csv
2026-05-23 10:55:23,564 [INFO] extractor: Processando arquivo: 01_atendimentos_bagunçados.txt
2026-05-23 10:55:23,771 [INFO] extractor: Processando arquivo: 02_logs_mistos.log
2026-05-23 10:55:24,247 [INFO] extractor: Processando arquivo: 03_mensagens_chat.txt
2026-05-23 10:55:24,430 [INFO] extractor: Processando arquivo: 04_exportacao_suja.csv
2026-05-23 10:55:24,652 [INFO] extractor: Extração finalizada: 59793 ocorrências
2026-05-23 10:55:24,679 [INFO] validator: Validando 59793 ocorrências
2026-05-23 10:55:24,845 [INFO] validator: Resumo validação | estrutural válido=59672 | estrutural inválido=121 | semântico inválido=8543
2026-05-23 10:55:24,938 [INFO] statistics: Estatísticas calculadas | ocorrências=59793 | inconsistência=0.20% | confiança=0.94
2026-05-23 10:55:25,983 [INFO] exporter: JSON exportado: c:\Users\lucas\Documents\TrabalhosFaculdade\LeitorComFront\output\resultados_20260523_105523.json
2026-05-23 10:55:26,259 [INFO] exporter: CSV exportado: c:\Users\lucas\Documents\TrabalhosFaculdade\LeitorComFront\output\resultados_20260523_105523.csv
2026-05-23 10:55:26,262 [INFO] exporter: Relatório exportado: c:\Users\lucas\Documents\TrabalhosFaculdade\LeitorComFront\output\relatorio_20260523_105523.txt
2026-05-23 10:58:49,036 [WARNING] reader: chardet não instalado. Usando utf-8.
2026-05-23 10:58:49,044 [INFO] reader: Arquivo lido: 01_atendimentos_bagunçados.txt | linhas=4921 | encoding=utf-8
2026-05-23 10:58:49,045 [WARNING] reader: chardet não instalado. Usando utf-8.
2026-05-23 10:58:49,062 [INFO] reader: Arquivo lido: 02_logs_mistos.log | linhas=8000 | encoding=utf-8
2026-05-23 10:58:49,063 [WARNING] reader: chardet não instalado. Usando utf-8.
2026-05-23 10:58:49,070 [INFO] reader: Arquivo lido: 03_mensagens_chat.txt | linhas=3239 | encoding=utf-8
2026-05-23 10:58:49,071 [WARNING] reader: chardet não instalado. Usando utf-8.
2026-05-23 10:58:49,080 [INFO] reader: Arquivo lido: 04_exportacao_suja.csv | linhas=5001 | encoding=utf-8
2026-05-23 10:58:49,083 [INFO] detector: Tipo detectado para 01_atendimentos_bagunçados.txt: chat
2026-05-23 10:58:49,083 [INFO] detector: Tipo detectado para 02_logs_mistos.log: chat
2026-05-23 10:58:49,084 [INFO] detector: Tipo detectado para 03_mensagens_chat.txt: chat
2026-05-23 10:58:49,084 [INFO] detector: Tipo detectado para 04_exportacao_suja.csv: csv
2026-05-23 10:58:49,084 [INFO] extractor: Processando arquivo: 01_atendimentos_bagunçados.txt
2026-05-23 10:58:49,296 [INFO] extractor: Processando arquivo: 02_logs_mistos.log
2026-05-23 10:58:49,757 [INFO] extractor: Processando arquivo: 03_mensagens_chat.txt
2026-05-23 10:58:49,937 [INFO] extractor: Processando arquivo: 04_exportacao_suja.csv
2026-05-23 10:58:50,155 [INFO] extractor: Extração finalizada: 59793 ocorrências
2026-05-23 10:58:50,195 [INFO] validator: Validando 59793 ocorrências
2026-05-23 10:58:50,358 [INFO] validator: Resumo validação | estrutural válido=59672 | estrutural inválido=121 | semântico inválido=8543
2026-05-23 10:58:50,452 [INFO] statistics: Estatísticas calculadas | ocorrências=59793 | inconsistência=0.20% | confiança=0.94
2026-05-23 10:58:51,398 [INFO] exporter: JSON exportado: c:\Users\lucas\Documents\TrabalhosFaculdade\LeitorComFront\output\resultados_20260523_105849.json
2026-05-23 10:58:51,661 [INFO] exporter: CSV exportado: c:\Users\lucas\Documents\TrabalhosFaculdade\LeitorComFront\output\resultados_20260523_105849.csv
2026-05-23 10:58:51,663 [INFO] exporter: Relatório exportado: c:\Users\lucas\Documents\TrabalhosFaculdade\LeitorComFront\output\relatorio_20260523_105849.txt
2026-05-23 11:11:35,975 [WARNING] reader: chardet não instalado. Usando utf-8.
2026-05-23 11:11:35,982 [INFO] reader: Arquivo lido: 01_atendimentos_bagunçados.txt | linhas=4921 | encoding=utf-8
2026-05-23 11:11:35,983 [WARNING] reader: chardet não instalado. Usando utf-8.
2026-05-23 11:11:35,997 [INFO] reader: Arquivo lido: 02_logs_mistos.log | linhas=8000 | encoding=utf-8
2026-05-23 11:11:35,998 [WARNING] reader: chardet não instalado. Usando utf-8.
2026-05-23 11:11:36,004 [INFO] reader: Arquivo lido: 03_mensagens_chat.txt | linhas=3239 | encoding=utf-8
2026-05-23 11:11:36,005 [WARNING] reader: chardet não instalado. Usando utf-8.
2026-05-23 11:11:36,013 [INFO] reader: Arquivo lido: 04_exportacao_suja.csv | linhas=5001 | encoding=utf-8
2026-05-23 11:11:36,014 [INFO] detector: Tipo detectado para 01_atendimentos_bagunçados.txt: chat
2026-05-23 11:11:36,015 [INFO] detector: Tipo detectado para 02_logs_mistos.log: chat
2026-05-23 11:11:36,016 [INFO] detector: Tipo detectado para 03_mensagens_chat.txt: chat
2026-05-23 11:11:36,016 [INFO] detector: Tipo detectado para 04_exportacao_suja.csv: csv
2026-05-23 11:11:36,017 [INFO] extractor: Processando arquivo: 01_atendimentos_bagunçados.txt
2026-05-23 11:11:36,225 [INFO] extractor: Processando arquivo: 02_logs_mistos.log
2026-05-23 11:11:36,688 [INFO] extractor: Processando arquivo: 03_mensagens_chat.txt
2026-05-23 11:11:36,870 [INFO] extractor: Processando arquivo: 04_exportacao_suja.csv
2026-05-23 11:11:37,089 [INFO] extractor: Extração finalizada: 59793 ocorrências
2026-05-23 11:11:37,106 [INFO] validator: Validando 59793 ocorrências
2026-05-23 11:11:37,278 [INFO] validator: Resumo validação | estrutural válido=59672 | estrutural inválido=121 | semântico inválido=8543
2026-05-23 11:11:37,362 [INFO] statistics: Estatísticas calculadas | ocorrências=59793 | inconsistência=0.20% | confiança=0.96
2026-05-23 11:11:38,316 [INFO] exporter: JSON exportado: c:\Users\lucas\Documents\TrabalhosFaculdade\LeitorComFront\output\resultados_20260523_111135.json
2026-05-23 11:11:38,578 [INFO] exporter: CSV exportado: c:\Users\lucas\Documents\TrabalhosFaculdade\LeitorComFront\output\resultados_20260523_111135.csv
2026-05-23 11:11:38,579 [INFO] exporter: Relatório exportado: c:\Users\lucas\Documents\TrabalhosFaculdade\LeitorComFront\output\relatorio_20260523_111135.txt
2026-05-23 11:14:44,599 [WARNING] reader: chardet não instalado. Usando utf-8.
2026-05-23 11:14:44,606 [INFO] reader: Arquivo lido: 01_atendimentos_bagunçados.txt | linhas=4921 | encoding=utf-8
2026-05-23 11:14:44,607 [WARNING] reader: chardet não instalado. Usando utf-8.
2026-05-23 11:14:44,621 [INFO] reader: Arquivo lido: 02_logs_mistos.log | linhas=8000 | encoding=utf-8
2026-05-23 11:14:44,622 [WARNING] reader: chardet não instalado. Usando utf-8.
2026-05-23 11:14:44,628 [INFO] reader: Arquivo lido: 03_mensagens_chat.txt | linhas=3239 | encoding=utf-8
2026-05-23 11:14:44,630 [WARNING] reader: chardet não instalado. Usando utf-8.
2026-05-23 11:14:44,639 [INFO] reader: Arquivo lido: 04_exportacao_suja.csv | linhas=5001 | encoding=utf-8
2026-05-23 11:14:44,640 [INFO] detector: Tipo detectado para 01_atendimentos_bagunçados.txt: chat
2026-05-23 11:14:44,641 [INFO] detector: Tipo detectado para 02_logs_mistos.log: chat
2026-05-23 11:14:44,642 [INFO] detector: Tipo detectado para 03_mensagens_chat.txt: chat
2026-05-23 11:14:44,642 [INFO] detector: Tipo detectado para 04_exportacao_suja.csv: csv
2026-05-23 11:14:44,642 [INFO] extractor: Processando arquivo: 01_atendimentos_bagunçados.txt
2026-05-23 11:14:44,869 [INFO] extractor: Processando arquivo: 02_logs_mistos.log
2026-05-23 11:14:45,367 [INFO] extractor: Processando arquivo: 03_mensagens_chat.txt
2026-05-23 11:14:45,566 [INFO] extractor: Processando arquivo: 04_exportacao_suja.csv
2026-05-23 11:14:45,794 [INFO] extractor: Extração finalizada: 59793 ocorrências
2026-05-23 11:14:45,809 [INFO] validator: Validando 59793 ocorrências
2026-05-23 11:16:21,800 [WARNING] reader: chardet não instalado. Usando utf-8.
2026-05-23 11:16:21,807 [INFO] reader: Arquivo lido: 01_atendimentos_bagunçados.txt | linhas=4921 | encoding=utf-8
2026-05-23 11:16:21,808 [WARNING] reader: chardet não instalado. Usando utf-8.
2026-05-23 11:16:21,825 [INFO] reader: Arquivo lido: 02_logs_mistos.log | linhas=8000 | encoding=utf-8
2026-05-23 11:16:21,826 [WARNING] reader: chardet não instalado. Usando utf-8.
2026-05-23 11:16:21,831 [INFO] reader: Arquivo lido: 03_mensagens_chat.txt | linhas=3239 | encoding=utf-8
2026-05-23 11:16:21,833 [WARNING] reader: chardet não instalado. Usando utf-8.
2026-05-23 11:16:21,842 [INFO] reader: Arquivo lido: 04_exportacao_suja.csv | linhas=5001 | encoding=utf-8
2026-05-23 11:16:21,846 [INFO] detector: Tipo detectado para 01_atendimentos_bagunçados.txt: chat
2026-05-23 11:16:21,847 [INFO] detector: Tipo detectado para 02_logs_mistos.log: chat
2026-05-23 11:16:21,848 [INFO] detector: Tipo detectado para 03_mensagens_chat.txt: chat
2026-05-23 11:16:21,849 [INFO] detector: Tipo detectado para 04_exportacao_suja.csv: csv
2026-05-23 11:16:21,850 [INFO] extractor: Processando arquivo: 01_atendimentos_bagunçados.txt
2026-05-23 11:16:22,065 [INFO] extractor: Processando arquivo: 02_logs_mistos.log
2026-05-23 11:16:22,579 [INFO] extractor: Processando arquivo: 03_mensagens_chat.txt
2026-05-23 11:16:22,795 [INFO] extractor: Processando arquivo: 04_exportacao_suja.csv
2026-05-23 11:16:23,024 [INFO] extractor: Extração finalizada: 59793 ocorrências
2026-05-23 11:16:23,037 [INFO] validator: Validando 59793 ocorrências
2026-05-23 11:17:21,250 [WARNING] reader: chardet não instalado. Usando utf-8.
2026-05-23 11:17:21,257 [INFO] reader: Arquivo lido: 01_atendimentos_bagunçados.txt | linhas=4921 | encoding=utf-8
2026-05-23 11:17:21,258 [WARNING] reader: chardet não instalado. Usando utf-8.
2026-05-23 11:17:21,275 [INFO] reader: Arquivo lido: 02_logs_mistos.log | linhas=8000 | encoding=utf-8
2026-05-23 11:17:21,277 [WARNING] reader: chardet não instalado. Usando utf-8.
2026-05-23 11:17:21,283 [INFO] reader: Arquivo lido: 03_mensagens_chat.txt | linhas=3239 | encoding=utf-8
2026-05-23 11:17:21,287 [WARNING] reader: chardet não instalado. Usando utf-8.
2026-05-23 11:17:21,297 [INFO] reader: Arquivo lido: 04_exportacao_suja.csv | linhas=5001 | encoding=utf-8
2026-05-23 11:17:21,299 [INFO] detector: Tipo detectado para 01_atendimentos_bagunçados.txt: chat
2026-05-23 11:17:21,300 [INFO] detector: Tipo detectado para 02_logs_mistos.log: chat
2026-05-23 11:17:21,300 [INFO] detector: Tipo detectado para 03_mensagens_chat.txt: chat
2026-05-23 11:17:21,300 [INFO] detector: Tipo detectado para 04_exportacao_suja.csv: csv
2026-05-23 11:17:21,301 [INFO] extractor: Processando arquivo: 01_atendimentos_bagunçados.txt
2026-05-23 11:17:21,513 [INFO] extractor: Processando arquivo: 02_logs_mistos.log
2026-05-23 11:17:21,980 [INFO] extractor: Processando arquivo: 03_mensagens_chat.txt
2026-05-23 11:17:22,184 [INFO] extractor: Processando arquivo: 04_exportacao_suja.csv
2026-05-23 11:17:22,400 [INFO] extractor: Extração finalizada: 59793 ocorrências
2026-05-23 11:17:22,417 [INFO] validator: Validando 59793 ocorrências
2026-05-23 11:19:42,032 [WARNING] reader: chardet não instalado. Usando utf-8.
2026-05-23 11:19:42,039 [INFO] reader: Arquivo lido: 01_atendimentos_bagunçados.txt | linhas=4921 | encoding=utf-8
2026-05-23 11:19:42,059 [WARNING] reader: chardet não instalado. Usando utf-8.
2026-05-23 11:19:42,081 [INFO] reader: Arquivo lido: 02_logs_mistos.log | linhas=8000 | encoding=utf-8
2026-05-23 11:19:42,089 [WARNING] reader: chardet não instalado. Usando utf-8.
2026-05-23 11:19:42,094 [INFO] reader: Arquivo lido: 03_mensagens_chat.txt | linhas=3239 | encoding=utf-8
2026-05-23 11:19:42,096 [WARNING] reader: chardet não instalado. Usando utf-8.
2026-05-23 11:19:42,106 [INFO] reader: Arquivo lido: 04_exportacao_suja.csv | linhas=5001 | encoding=utf-8
2026-05-23 11:19:42,107 [INFO] detector: Tipo detectado para 01_atendimentos_bagunçados.txt: chat
2026-05-23 11:19:42,107 [INFO] detector: Tipo detectado para 02_logs_mistos.log: chat
2026-05-23 11:19:42,108 [INFO] detector: Tipo detectado para 03_mensagens_chat.txt: chat
2026-05-23 11:19:42,109 [INFO] detector: Tipo detectado para 04_exportacao_suja.csv: csv
2026-05-23 11:19:42,109 [INFO] extractor: Processando arquivo: 01_atendimentos_bagunçados.txt
2026-05-23 11:19:42,328 [INFO] extractor: Processando arquivo: 02_logs_mistos.log
2026-05-23 11:19:42,827 [INFO] extractor: Processando arquivo: 03_mensagens_chat.txt
2026-05-23 11:19:43,022 [INFO] extractor: Processando arquivo: 04_exportacao_suja.csv
2026-05-23 11:19:43,257 [INFO] extractor: Extração finalizada: 59793 ocorrências
2026-05-23 11:19:43,273 [INFO] validator: Validando 59793 ocorrências
2026-05-23 11:19:43,442 [INFO] validator: Resumo validação | estrutural válido=59672 | estrutural inválido=121 | semântico inválido=8543
2026-05-23 11:19:43,531 [INFO] statistics: Estatísticas calculadas | ocorrências=59793 | inconsistência=0.20% | confiança=0.94
2026-05-23 11:19:44,524 [INFO] exporter: JSON exportado: c:\Users\lucas\Documents\TrabalhosFaculdade\LeitorComFront\output\resultados_20260523_111942.json
2026-05-23 11:19:44,790 [INFO] exporter: CSV exportado: c:\Users\lucas\Documents\TrabalhosFaculdade\LeitorComFront\output\resultados_20260523_111942.csv
2026-05-23 11:19:44,791 [INFO] exporter: Relatório exportado: c:\Users\lucas\Documents\TrabalhosFaculdade\LeitorComFront\output\relatorio_20260523_111942.txt
2026-05-23 11:29:58,378 [WARNING] reader: chardet não instalado. Usando utf-8.
2026-05-23 11:29:58,385 [INFO] reader: Arquivo lido: 01_atendimentos_bagunçados.txt | linhas=4921 | encoding=utf-8
2026-05-23 11:29:58,386 [WARNING] reader: chardet não instalado. Usando utf-8.
2026-05-23 11:29:58,400 [INFO] reader: Arquivo lido: 02_logs_mistos.log | linhas=8000 | encoding=utf-8
2026-05-23 11:29:58,401 [WARNING] reader: chardet não instalado. Usando utf-8.
2026-05-23 11:29:58,407 [INFO] reader: Arquivo lido: 03_mensagens_chat.txt | linhas=3239 | encoding=utf-8
2026-05-23 11:29:58,408 [WARNING] reader: chardet não instalado. Usando utf-8.
2026-05-23 11:29:58,417 [INFO] reader: Arquivo lido: 04_exportacao_suja.csv | linhas=5001 | encoding=utf-8
2026-05-23 11:29:58,418 [INFO] detector: Tipo detectado para 01_atendimentos_bagunçados.txt: chat
2026-05-23 11:29:58,419 [INFO] detector: Tipo detectado para 02_logs_mistos.log: chat
2026-05-23 11:29:58,420 [INFO] detector: Tipo detectado para 03_mensagens_chat.txt: chat
2026-05-23 11:29:58,420 [INFO] detector: Tipo detectado para 04_exportacao_suja.csv: csv
2026-05-23 11:29:58,420 [INFO] extractor: Processando arquivo: 01_atendimentos_bagunçados.txt
2026-05-23 11:29:58,626 [INFO] extractor: Processando arquivo: 02_logs_mistos.log
2026-05-23 11:29:59,093 [INFO] extractor: Processando arquivo: 03_mensagens_chat.txt
2026-05-23 11:29:59,281 [INFO] extractor: Processando arquivo: 04_exportacao_suja.csv
2026-05-23 11:29:59,495 [INFO] extractor: Extração finalizada: 59793 ocorrências
2026-05-23 11:29:59,512 [INFO] validator: Validando 59793 ocorrências
2026-05-23 11:29:59,678 [INFO] validator: Resumo validação | estrutural válido=59672 | estrutural inválido=121 | semântico inválido=8543
2026-05-23 11:29:59,762 [INFO] statistics: Estatísticas calculadas | ocorrências=59793 | inconsistência=0.20% | confiança=0.94
2026-05-23 11:30:00,729 [INFO] exporter: JSON exportado: C:\Users\lucas\Documents\TrabalhosFaculdade\LeitorComFront\output\resultados_20260523_112958.json
2026-05-23 11:30:01,004 [INFO] exporter: CSV exportado: C:\Users\lucas\Documents\TrabalhosFaculdade\LeitorComFront\output\resultados_20260523_112958.csv
2026-05-23 11:30:01,005 [INFO] exporter: Relatório exportado: C:\Users\lucas\Documents\TrabalhosFaculdade\LeitorComFront\output\relatorio_20260523_112958.txt
2026-05-23 11:36:56,398 [WARNING] reader: chardet não instalado. Usando utf-8.
2026-05-23 11:36:56,405 [INFO] reader: Arquivo lido: 01_atendimentos_bagunçados.txt | linhas=4921 | encoding=utf-8
2026-05-23 11:36:56,406 [WARNING] reader: chardet não instalado. Usando utf-8.
2026-05-23 11:36:56,420 [INFO] reader: Arquivo lido: 02_logs_mistos.log | linhas=8000 | encoding=utf-8
2026-05-23 11:36:56,421 [WARNING] reader: chardet não instalado. Usando utf-8.
2026-05-23 11:36:56,426 [INFO] reader: Arquivo lido: 03_mensagens_chat.txt | linhas=3239 | encoding=utf-8
2026-05-23 11:36:56,427 [WARNING] reader: chardet não instalado. Usando utf-8.
2026-05-23 11:36:56,436 [INFO] reader: Arquivo lido: 04_exportacao_suja.csv | linhas=5001 | encoding=utf-8
2026-05-23 11:36:56,438 [INFO] detector: Tipo detectado para 01_atendimentos_bagunçados.txt: chat
2026-05-23 11:36:56,455 [INFO] detector: Tipo detectado para 02_logs_mistos.log: chat
2026-05-23 11:36:56,458 [INFO] detector: Tipo detectado para 03_mensagens_chat.txt: chat
2026-05-23 11:36:56,461 [INFO] detector: Tipo detectado para 04_exportacao_suja.csv: csv
2026-05-23 11:36:56,474 [INFO] extractor: Processando arquivo: 01_atendimentos_bagunçados.txt
2026-05-23 11:36:56,682 [INFO] extractor: Processando arquivo: 02_logs_mistos.log
2026-05-23 11:36:57,161 [INFO] extractor: Processando arquivo: 03_mensagens_chat.txt
2026-05-23 11:36:57,346 [INFO] extractor: Processando arquivo: 04_exportacao_suja.csv
2026-05-23 11:36:57,562 [INFO] extractor: Extração finalizada: 59793 ocorrências
2026-05-23 11:36:57,579 [INFO] validator: Validando 59793 ocorrências
2026-05-23 11:36:57,748 [INFO] validator: Resumo validação | estrutural válido=59672 | estrutural inválido=121 | semântico inválido=8543
2026-05-23 11:36:57,841 [INFO] statistics: Estatísticas calculadas | ocorrências=59793 | inconsistência=0.20% | confiança=0.94
2026-05-23 11:36:58,812 [INFO] exporter: JSON exportado: c:\Users\lucas\Documents\TrabalhosFaculdade\LeitorComFront\output\resultados_20260523_113656.json
2026-05-23 11:36:59,087 [INFO] exporter: CSV exportado: c:\Users\lucas\Documents\TrabalhosFaculdade\LeitorComFront\output\resultados_20260523_113656.csv
2026-05-23 11:36:59,091 [INFO] exporter: Relatório exportado: c:\Users\lucas\Documents\TrabalhosFaculdade\LeitorComFront\output\relatorio_20260523_113656.txt
2026-05-23 11:44:37,066 [WARNING] reader: chardet não instalado. Usando utf-8.
2026-05-23 11:44:37,072 [INFO] reader: Arquivo lido: 01_atendimentos_bagunçados.txt | linhas=4921 | encoding=utf-8
2026-05-23 11:44:37,075 [WARNING] reader: chardet não instalado. Usando utf-8.
2026-05-23 11:44:37,110 [INFO] reader: Arquivo lido: 02_logs_mistos.log | linhas=8000 | encoding=utf-8
2026-05-23 11:44:37,111 [WARNING] reader: chardet não instalado. Usando utf-8.
2026-05-23 11:44:37,117 [INFO] reader: Arquivo lido: 03_mensagens_chat.txt | linhas=3239 | encoding=utf-8
2026-05-23 11:44:37,118 [WARNING] reader: chardet não instalado. Usando utf-8.
2026-05-23 11:44:37,127 [INFO] reader: Arquivo lido: 04_exportacao_suja.csv | linhas=5001 | encoding=utf-8
2026-05-23 11:44:37,128 [INFO] detector: Tipo detectado para 01_atendimentos_bagunçados.txt: chat
2026-05-23 11:44:37,129 [INFO] detector: Tipo detectado para 02_logs_mistos.log: chat
2026-05-23 11:44:37,129 [INFO] detector: Tipo detectado para 03_mensagens_chat.txt: chat
2026-05-23 11:44:37,130 [INFO] detector: Tipo detectado para 04_exportacao_suja.csv: csv
2026-05-23 11:44:37,130 [INFO] extractor: Processando arquivo: 01_atendimentos_bagunçados.txt
2026-05-23 11:44:37,353 [INFO] extractor: Processando arquivo: 02_logs_mistos.log
2026-05-23 11:44:37,898 [INFO] extractor: Processando arquivo: 03_mensagens_chat.txt
2026-05-23 11:44:38,106 [INFO] extractor: Processando arquivo: 04_exportacao_suja.csv
2026-05-23 11:44:38,336 [INFO] extractor: Extração finalizada: 59793 ocorrências
2026-05-23 11:44:38,350 [INFO] validator: Validando 59793 ocorrências
2026-05-23 11:44:38,521 [INFO] validator: Resumo validação | estrutural válido=59672 | estrutural inválido=121 | semântico inválido=8543
2026-05-23 11:44:38,608 [INFO] statistics: Estatísticas calculadas | ocorrências=59793 | inconsistência=0.20% | confiança=0.94
2026-05-23 11:44:39,601 [INFO] exporter: JSON exportado: c:\Users\lucas\Documents\TrabalhosFaculdade\LeitorComFront\output\resultados_20260523_114437.json
2026-05-23 11:44:39,872 [INFO] exporter: CSV exportado: c:\Users\lucas\Documents\TrabalhosFaculdade\LeitorComFront\output\resultados_20260523_114437.csv
2026-05-23 11:44:39,874 [INFO] exporter: Relatório exportado: c:\Users\lucas\Documents\TrabalhosFaculdade\LeitorComFront\output\relatorio_20260523_114437.txt
2026-05-23 11:45:13,317 [WARNING] reader: chardet não instalado. Usando utf-8.
2026-05-23 11:45:13,323 [INFO] reader: Arquivo lido: 01_atendimentos_bagunçados.txt | linhas=4921 | encoding=utf-8
2026-05-23 11:45:13,325 [WARNING] reader: chardet não instalado. Usando utf-8.
2026-05-23 11:45:13,341 [INFO] reader: Arquivo lido: 02_logs_mistos.log | linhas=8000 | encoding=utf-8
2026-05-23 11:45:13,342 [WARNING] reader: chardet não instalado. Usando utf-8.
2026-05-23 11:45:13,347 [INFO] reader: Arquivo lido: 03_mensagens_chat.txt | linhas=3239 | encoding=utf-8
2026-05-23 11:45:13,350 [WARNING] reader: chardet não instalado. Usando utf-8.
2026-05-23 11:45:13,360 [INFO] reader: Arquivo lido: 04_exportacao_suja.csv | linhas=5001 | encoding=utf-8
2026-05-23 11:45:13,361 [INFO] detector: Tipo detectado para 01_atendimentos_bagunçados.txt: chat
2026-05-23 11:45:13,362 [INFO] detector: Tipo detectado para 02_logs_mistos.log: chat
2026-05-23 11:45:13,362 [INFO] detector: Tipo detectado para 03_mensagens_chat.txt: chat
2026-05-23 11:45:13,363 [INFO] detector: Tipo detectado para 04_exportacao_suja.csv: csv
2026-05-23 11:45:13,364 [INFO] extractor: Processando arquivo: 01_atendimentos_bagunçados.txt
2026-05-23 11:45:13,582 [INFO] extractor: Processando arquivo: 02_logs_mistos.log
2026-05-23 11:45:14,061 [INFO] extractor: Processando arquivo: 03_mensagens_chat.txt
2026-05-23 11:45:14,243 [INFO] extractor: Processando arquivo: 04_exportacao_suja.csv
2026-05-23 11:45:14,465 [INFO] extractor: Extração finalizada: 59793 ocorrências
2026-05-23 11:45:14,480 [INFO] validator: Validando 59793 ocorrências
2026-05-23 11:45:19,436 [INFO] validator: Resumo validação | estrutural válido=59672 | estrutural inválido=121 | semântico inválido=8543
2026-05-23 11:45:19,520 [INFO] statistics: Estatísticas calculadas | ocorrências=59793 | inconsistência=0.20% | confiança=0.94
2026-05-23 11:45:20,533 [INFO] exporter: JSON exportado: c:\Users\lucas\Documents\TrabalhosFaculdade\LeitorComFront\output\resultados_20260523_114513.json
2026-05-23 11:45:20,797 [INFO] exporter: CSV exportado: c:\Users\lucas\Documents\TrabalhosFaculdade\LeitorComFront\output\resultados_20260523_114513.csv
2026-05-23 11:45:20,798 [INFO] exporter: Relatório exportado: c:\Users\lucas\Documents\TrabalhosFaculdade\LeitorComFront\output\relatorio_20260523_114513.txt
2026-05-23 11:57:41,850 [WARNING] reader: chardet não instalado. Usando utf-8.
2026-05-23 11:57:41,856 [INFO] reader: Arquivo lido: 01_atendimentos_bagunçados.txt | linhas=4921 | encoding=utf-8
2026-05-23 11:57:41,857 [WARNING] reader: chardet não instalado. Usando utf-8.
2026-05-23 11:57:41,873 [INFO] reader: Arquivo lido: 02_logs_mistos.log | linhas=8000 | encoding=utf-8
2026-05-23 11:57:41,874 [WARNING] reader: chardet não instalado. Usando utf-8.
2026-05-23 11:57:41,881 [INFO] reader: Arquivo lido: 03_mensagens_chat.txt | linhas=3239 | encoding=utf-8
2026-05-23 11:57:41,883 [WARNING] reader: chardet não instalado. Usando utf-8.
2026-05-23 11:57:41,892 [INFO] reader: Arquivo lido: 04_exportacao_suja.csv | linhas=5001 | encoding=utf-8
2026-05-23 11:57:41,893 [INFO] detector: Tipo detectado para 01_atendimentos_bagunçados.txt: chat
2026-05-23 11:57:41,893 [INFO] detector: Tipo detectado para 02_logs_mistos.log: chat
2026-05-23 11:57:41,894 [INFO] detector: Tipo detectado para 03_mensagens_chat.txt: chat
2026-05-23 11:57:41,895 [INFO] detector: Tipo detectado para 04_exportacao_suja.csv: csv
2026-05-23 11:57:41,895 [INFO] extractor: Processando arquivo: 01_atendimentos_bagunçados.txt
2026-05-23 11:57:42,103 [INFO] extractor: Processando arquivo: 02_logs_mistos.log
2026-05-23 11:57:42,635 [INFO] extractor: Processando arquivo: 03_mensagens_chat.txt
2026-05-23 11:57:42,837 [INFO] extractor: Processando arquivo: 04_exportacao_suja.csv
2026-05-23 11:57:43,074 [INFO] extractor: Extração finalizada: 59793 ocorrências
2026-05-23 11:57:43,086 [INFO] validator: Validando 59793 ocorrências
2026-05-23 11:57:52,467 [WARNING] reader: chardet não instalado. Usando utf-8.
2026-05-23 11:57:52,474 [INFO] reader: Arquivo lido: 01_atendimentos_bagunçados.txt | linhas=4921 | encoding=utf-8
2026-05-23 11:57:52,475 [WARNING] reader: chardet não instalado. Usando utf-8.
2026-05-23 11:57:52,488 [INFO] reader: Arquivo lido: 02_logs_mistos.log | linhas=8000 | encoding=utf-8
2026-05-23 11:57:52,490 [WARNING] reader: chardet não instalado. Usando utf-8.
2026-05-23 11:57:52,494 [INFO] reader: Arquivo lido: 03_mensagens_chat.txt | linhas=3239 | encoding=utf-8
2026-05-23 11:57:52,495 [WARNING] reader: chardet não instalado. Usando utf-8.
2026-05-23 11:57:52,504 [INFO] reader: Arquivo lido: 04_exportacao_suja.csv | linhas=5001 | encoding=utf-8
2026-05-23 11:57:52,505 [INFO] detector: Tipo detectado para 01_atendimentos_bagunçados.txt: chat
2026-05-23 11:57:52,505 [INFO] detector: Tipo detectado para 02_logs_mistos.log: chat
2026-05-23 11:57:52,506 [INFO] detector: Tipo detectado para 03_mensagens_chat.txt: chat
2026-05-23 11:57:52,506 [INFO] detector: Tipo detectado para 04_exportacao_suja.csv: csv
2026-05-23 11:57:52,507 [INFO] extractor: Processando arquivo: 01_atendimentos_bagunçados.txt
2026-05-23 11:57:52,723 [INFO] extractor: Processando arquivo: 02_logs_mistos.log
2026-05-23 11:57:53,195 [INFO] extractor: Processando arquivo: 03_mensagens_chat.txt
2026-05-23 11:57:53,385 [INFO] extractor: Processando arquivo: 04_exportacao_suja.csv
2026-05-23 11:57:53,601 [INFO] extractor: Extração finalizada: 59793 ocorrências
2026-05-23 11:57:53,613 [INFO] validator: Validando 59793 ocorrências
2026-05-23 11:58:29,419 [WARNING] reader: chardet não instalado. Usando utf-8.
2026-05-23 11:58:29,424 [INFO] reader: Arquivo lido: 01_atendimentos_bagunçados.txt | linhas=4921 | encoding=utf-8
2026-05-23 11:58:29,425 [WARNING] reader: chardet não instalado. Usando utf-8.
2026-05-23 11:58:29,436 [INFO] reader: Arquivo lido: 02_logs_mistos.log | linhas=8000 | encoding=utf-8
2026-05-23 11:58:29,437 [WARNING] reader: chardet não instalado. Usando utf-8.
2026-05-23 11:58:29,440 [INFO] reader: Arquivo lido: 03_mensagens_chat.txt | linhas=3239 | encoding=utf-8
2026-05-23 11:58:29,441 [WARNING] reader: chardet não instalado. Usando utf-8.
2026-05-23 11:58:29,449 [INFO] reader: Arquivo lido: 04_exportacao_suja.csv | linhas=5001 | encoding=utf-8
2026-05-23 11:58:29,450 [INFO] detector: Tipo detectado para 01_atendimentos_bagunçados.txt: chat
2026-05-23 11:58:29,450 [INFO] detector: Tipo detectado para 02_logs_mistos.log: chat
2026-05-23 11:58:29,450 [INFO] detector: Tipo detectado para 03_mensagens_chat.txt: chat
2026-05-23 11:58:29,451 [INFO] detector: Tipo detectado para 04_exportacao_suja.csv: csv
2026-05-23 11:58:29,451 [INFO] extractor: Processando arquivo: 01_atendimentos_bagunçados.txt
2026-05-23 11:58:29,624 [INFO] extractor: Processando arquivo: 02_logs_mistos.log
2026-05-23 11:58:30,013 [INFO] extractor: Processando arquivo: 03_mensagens_chat.txt
2026-05-23 11:58:30,173 [INFO] extractor: Processando arquivo: 04_exportacao_suja.csv
2026-05-23 11:58:30,348 [INFO] extractor: Extração finalizada: 59793 ocorrências
2026-05-23 11:58:30,361 [INFO] validator: Validando 59793 ocorrências
2026-05-23 11:58:30,494 [INFO] validator: Resumo validação | estrutural válido=59672 | estrutural inválido=121 | semântico inválido=8543
2026-05-23 11:58:30,568 [INFO] statistics: Estatísticas calculadas | ocorrências=59793 | inconsistência=0.20% | confiança=0.94
2026-05-23 11:58:31,376 [INFO] exporter: JSON exportado: c:\Users\lucas\Documents\TrabalhosFaculdade\LeitorComFront\output\resultados_20260523_115829.json
2026-05-23 11:58:31,622 [INFO] exporter: CSV exportado: c:\Users\lucas\Documents\TrabalhosFaculdade\LeitorComFront\output\resultados_20260523_115829.csv
2026-05-23 11:58:31,623 [INFO] exporter: Relatório exportado: c:\Users\lucas\Documents\TrabalhosFaculdade\LeitorComFront\output\relatorio_20260523_115829.txt
2026-05-23 12:07:51,260 [WARNING] reader: chardet não instalado. Usando utf-8.
2026-05-23 12:07:51,267 [INFO] reader: Arquivo lido: 01_atendimentos_bagunçados.txt | linhas=4921 | encoding=utf-8
2026-05-23 12:07:51,268 [WARNING] reader: chardet não instalado. Usando utf-8.
2026-05-23 12:07:51,282 [INFO] reader: Arquivo lido: 02_logs_mistos.log | linhas=8000 | encoding=utf-8
2026-05-23 12:07:51,283 [WARNING] reader: chardet não instalado. Usando utf-8.
2026-05-23 12:07:51,288 [INFO] reader: Arquivo lido: 03_mensagens_chat.txt | linhas=3239 | encoding=utf-8
2026-05-23 12:07:51,290 [WARNING] reader: chardet não instalado. Usando utf-8.
2026-05-23 12:07:51,299 [INFO] reader: Arquivo lido: 04_exportacao_suja.csv | linhas=5001 | encoding=utf-8
2026-05-23 12:07:51,300 [INFO] detector: Tipo detectado para 01_atendimentos_bagunçados.txt: chat
2026-05-23 12:07:51,300 [INFO] detector: Tipo detectado para 02_logs_mistos.log: chat
2026-05-23 12:07:51,301 [INFO] detector: Tipo detectado para 03_mensagens_chat.txt: chat
2026-05-23 12:07:51,301 [INFO] detector: Tipo detectado para 04_exportacao_suja.csv: csv
2026-05-23 12:07:51,303 [INFO] extractor: Processando arquivo: 01_atendimentos_bagunçados.txt
2026-05-23 12:07:51,529 [INFO] extractor: Processando arquivo: 02_logs_mistos.log
2026-05-23 12:07:52,066 [INFO] extractor: Processando arquivo: 03_mensagens_chat.txt
2026-05-23 12:07:52,283 [INFO] extractor: Processando arquivo: 04_exportacao_suja.csv
2026-05-23 12:07:52,542 [INFO] extractor: Extração finalizada: 59793 ocorrências
2026-05-23 12:07:52,555 [INFO] validator: Validando 59793 ocorrências
2026-05-23 12:07:52,725 [INFO] validator: Resumo validação | estrutural válido=59672 | estrutural inválido=121 | semântico inválido=8543
2026-05-23 12:07:52,817 [INFO] statistics: Estatísticas calculadas | ocorrências=59793 | inconsistência=0.20% | confiança=0.94
2026-05-23 12:07:53,909 [INFO] exporter: JSON exportado: c:\Users\lucas\Documents\TrabalhosFaculdade\LeitorComFront\output\resultados_20260523_120751.json
2026-05-23 12:07:54,242 [INFO] exporter: CSV exportado: c:\Users\lucas\Documents\TrabalhosFaculdade\LeitorComFront\output\resultados_20260523_120751.csv
2026-05-23 12:07:54,243 [INFO] exporter: Relatório exportado: c:\Users\lucas\Documents\TrabalhosFaculdade\LeitorComFront\output\relatorio_20260523_120751.txt
2026-05-23 12:11:06,149 [WARNING] reader: chardet não instalado. Usando utf-8.
2026-05-23 12:11:06,157 [INFO] reader: Arquivo lido: 01_atendimentos_bagunçados.txt | linhas=4921 | encoding=utf-8
2026-05-23 12:11:06,158 [WARNING] reader: chardet não instalado. Usando utf-8.
2026-05-23 12:11:06,174 [INFO] reader: Arquivo lido: 02_logs_mistos.log | linhas=8000 | encoding=utf-8
2026-05-23 12:11:06,176 [WARNING] reader: chardet não instalado. Usando utf-8.
2026-05-23 12:11:06,183 [INFO] reader: Arquivo lido: 03_mensagens_chat.txt | linhas=3239 | encoding=utf-8
2026-05-23 12:11:06,184 [WARNING] reader: chardet não instalado. Usando utf-8.
2026-05-23 12:11:06,197 [INFO] reader: Arquivo lido: 04_exportacao_suja.csv | linhas=5001 | encoding=utf-8
2026-05-23 12:11:06,199 [INFO] detector: Tipo detectado para 01_atendimentos_bagunçados.txt: chat
2026-05-23 12:11:06,200 [INFO] detector: Tipo detectado para 02_logs_mistos.log: chat
2026-05-23 12:11:06,200 [INFO] detector: Tipo detectado para 03_mensagens_chat.txt: chat
2026-05-23 12:11:06,200 [INFO] detector: Tipo detectado para 04_exportacao_suja.csv: csv
2026-05-23 12:11:06,201 [INFO] extractor: Processando arquivo: 01_atendimentos_bagunçados.txt
2026-05-23 12:11:06,447 [INFO] extractor: Processando arquivo: 02_logs_mistos.log
2026-05-23 12:11:07,048 [INFO] extractor: Processando arquivo: 03_mensagens_chat.txt
2026-05-23 12:11:07,310 [INFO] extractor: Processando arquivo: 04_exportacao_suja.csv
2026-05-23 12:11:07,565 [INFO] extractor: Extração finalizada: 59793 ocorrências
2026-05-23 12:11:07,579 [INFO] validator: Validando 59793 ocorrências
2026-05-23 12:11:07,769 [INFO] validator: Resumo validação | estrutural válido=58967 | estrutural inválido=826 | semântico inválido=8543
2026-05-23 12:11:07,870 [INFO] statistics: Estatísticas calculadas | ocorrências=59793 | inconsistência=1.38% | confiança=0.93
2026-05-23 12:11:09,143 [INFO] exporter: JSON exportado: c:\Users\lucas\Documents\TrabalhosFaculdade\LeitorComFront\output\resultados_20260523_121106.json
2026-05-23 12:11:09,462 [INFO] exporter: CSV exportado: c:\Users\lucas\Documents\TrabalhosFaculdade\LeitorComFront\output\resultados_20260523_121106.csv
2026-05-23 12:11:09,464 [INFO] exporter: Relatório exportado: c:\Users\lucas\Documents\TrabalhosFaculdade\LeitorComFront\output\relatorio_20260523_121106.txt
2026-05-23 12:19:00,677 [WARNING] reader: chardet não instalado. Usando utf-8.
2026-05-23 12:19:00,685 [INFO] reader: Arquivo lido: 01_atendimentos_bagunçados.txt | linhas=4921 | encoding=utf-8
2026-05-23 12:19:00,686 [WARNING] reader: chardet não instalado. Usando utf-8.
2026-05-23 12:19:00,702 [INFO] reader: Arquivo lido: 02_logs_mistos.log | linhas=8000 | encoding=utf-8
2026-05-23 12:19:00,704 [WARNING] reader: chardet não instalado. Usando utf-8.
2026-05-23 12:19:00,709 [INFO] reader: Arquivo lido: 03_mensagens_chat.txt | linhas=3239 | encoding=utf-8
2026-05-23 12:19:00,712 [WARNING] reader: chardet não instalado. Usando utf-8.
2026-05-23 12:19:00,722 [INFO] reader: Arquivo lido: 04_exportacao_suja.csv | linhas=5001 | encoding=utf-8
2026-05-23 12:19:00,724 [INFO] detector: Tipo detectado para 01_atendimentos_bagunçados.txt: chat
2026-05-23 12:19:00,724 [INFO] detector: Tipo detectado para 02_logs_mistos.log: chat
2026-05-23 12:19:00,725 [INFO] detector: Tipo detectado para 03_mensagens_chat.txt: chat
2026-05-23 12:19:00,726 [INFO] detector: Tipo detectado para 04_exportacao_suja.csv: csv
2026-05-23 12:19:00,726 [INFO] extractor: Processando arquivo: 01_atendimentos_bagunçados.txt
2026-05-23 12:19:00,980 [INFO] extractor: Processando arquivo: 02_logs_mistos.log
2026-05-23 12:19:01,549 [INFO] extractor: Processando arquivo: 03_mensagens_chat.txt
2026-05-23 12:19:01,773 [INFO] extractor: Processando arquivo: 04_exportacao_suja.csv
2026-05-23 12:19:02,034 [INFO] extractor: Extração finalizada: 59793 ocorrências
2026-05-23 12:19:02,051 [INFO] validator: Validando 59793 ocorrências
2026-05-23 12:19:02,249 [INFO] validator: Resumo validação | estrutural válido=58967 | estrutural inválido=826 | semântico inválido=8543
2026-05-23 12:19:02,359 [INFO] statistics: Estatísticas calculadas | ocorrências=59793 | inconsistência=15.67% | confiança=0.93
2026-05-23 12:19:03,538 [INFO] exporter: JSON exportado: c:\Users\lucas\Documents\TrabalhosFaculdade\LeitorComFront\output\resultados_20260523_121900.json
2026-05-23 12:19:03,870 [INFO] exporter: CSV exportado: c:\Users\lucas\Documents\TrabalhosFaculdade\LeitorComFront\output\resultados_20260523_121900.csv
2026-05-23 12:19:03,871 [INFO] exporter: Relatório exportado: c:\Users\lucas\Documents\TrabalhosFaculdade\LeitorComFront\output\relatorio_20260523_121900.txt
2026-05-23 12:43:06,367 [WARNING] reader: chardet não instalado. Usando utf-8.
2026-05-23 12:43:06,379 [INFO] reader: Arquivo lido: 01_atendimentos_bagunçados.txt | linhas=4921 | encoding=utf-8
2026-05-23 12:43:06,382 [WARNING] reader: chardet não instalado. Usando utf-8.
2026-05-23 12:43:06,409 [INFO] reader: Arquivo lido: 02_logs_mistos.log | linhas=8000 | encoding=utf-8
2026-05-23 12:43:06,412 [WARNING] reader: chardet não instalado. Usando utf-8.
2026-05-23 12:43:06,421 [INFO] reader: Arquivo lido: 03_mensagens_chat.txt | linhas=3239 | encoding=utf-8
2026-05-23 12:43:06,425 [WARNING] reader: chardet não instalado. Usando utf-8.
2026-05-23 12:43:06,443 [INFO] reader: Arquivo lido: 04_exportacao_suja.csv | linhas=5001 | encoding=utf-8
2026-05-23 12:43:06,446 [INFO] detector: Tipo detectado para 01_atendimentos_bagunçados.txt: chat
2026-05-23 12:43:06,447 [INFO] detector: Tipo detectado para 02_logs_mistos.log: chat
2026-05-23 12:43:06,450 [INFO] detector: Tipo detectado para 03_mensagens_chat.txt: chat
2026-05-23 12:43:06,451 [INFO] detector: Tipo detectado para 04_exportacao_suja.csv: csv
2026-05-23 12:43:06,452 [INFO] extractor: Processando arquivo: 01_atendimentos_bagunçados.txt
2026-05-23 12:43:06,854 [INFO] extractor: Processando arquivo: 02_logs_mistos.log
2026-05-23 12:43:07,804 [INFO] extractor: Processando arquivo: 03_mensagens_chat.txt
2026-05-23 12:43:08,146 [INFO] extractor: Processando arquivo: 04_exportacao_suja.csv
2026-05-23 12:43:08,556 [INFO] extractor: Extração finalizada: 59793 ocorrências
2026-05-23 12:43:08,580 [INFO] validator: Validando 59793 ocorrências
2026-05-23 12:43:08,880 [INFO] validator: Resumo validação | estrutural válido=58967 | estrutural inválido=826 | semântico inválido=8543
2026-05-23 12:43:09,067 [INFO] statistics: Estatísticas calculadas | ocorrências=59793 | inconsistência=15.67% | confiança=0.93
2026-05-23 12:43:11,016 [INFO] exporter: JSON exportado: c:\Users\lucas\Documents\TrabalhosFaculdade\LeitorComFront\output\resultados_20260523_124306.json
2026-05-23 12:43:11,577 [INFO] exporter: CSV exportado: c:\Users\lucas\Documents\TrabalhosFaculdade\LeitorComFront\output\resultados_20260523_124306.csv
2026-05-23 12:43:11,580 [INFO] exporter: Relatório exportado: c:\Users\lucas\Documents\TrabalhosFaculdade\LeitorComFront\output\relatorio_20260523_124306.txt
2026-05-23 12:59:22,829 [WARNING] reader: chardet não instalado. Usando utf-8.
2026-05-23 12:59:22,836 [INFO] reader: Arquivo lido: 01_atendimentos_bagunçados.txt | linhas=4921 | encoding=utf-8
2026-05-23 12:59:22,838 [WARNING] reader: chardet não instalado. Usando utf-8.
2026-05-23 12:59:22,852 [INFO] reader: Arquivo lido: 02_logs_mistos.log | linhas=8000 | encoding=utf-8
2026-05-23 12:59:22,854 [WARNING] reader: chardet não instalado. Usando utf-8.
2026-05-23 12:59:22,859 [INFO] reader: Arquivo lido: 03_mensagens_chat.txt | linhas=3239 | encoding=utf-8
2026-05-23 12:59:22,860 [WARNING] reader: chardet não instalado. Usando utf-8.
2026-05-23 12:59:22,869 [INFO] reader: Arquivo lido: 04_exportacao_suja.csv | linhas=5001 | encoding=utf-8
2026-05-23 12:59:22,870 [INFO] detector: Tipo detectado para 01_atendimentos_bagunçados.txt: chat
2026-05-23 12:59:22,870 [INFO] detector: Tipo detectado para 02_logs_mistos.log: chat
2026-05-23 12:59:22,871 [INFO] detector: Tipo detectado para 03_mensagens_chat.txt: chat
2026-05-23 12:59:22,871 [INFO] detector: Tipo detectado para 04_exportacao_suja.csv: csv
2026-05-23 12:59:22,872 [INFO] extractor: Processando arquivo: 01_atendimentos_bagunçados.txt
2026-05-23 12:59:23,091 [INFO] extractor: Processando arquivo: 02_logs_mistos.log
2026-05-23 12:59:23,558 [INFO] extractor: Processando arquivo: 03_mensagens_chat.txt
2026-05-23 12:59:23,745 [INFO] extractor: Processando arquivo: 04_exportacao_suja.csv
2026-05-23 12:59:23,959 [INFO] extractor: Extração finalizada: 59793 ocorrências
2026-05-23 12:59:23,978 [INFO] validator: Validando 59793 ocorrências
2026-05-23 12:59:24,143 [INFO] validator: Resumo validação | estrutural válido=58967 | estrutural inválido=826 | semântico inválido=8543
2026-05-23 12:59:24,232 [INFO] statistics: Estatísticas calculadas | ocorrências=59793 | inconsistência=15.67% | confiança=0.93
2026-05-23 12:59:25,276 [INFO] exporter: JSON exportado: c:\Users\lucas\Documents\TrabalhosFaculdade\LeitorComFront\output\resultados.json
2026-05-23 12:59:25,552 [INFO] exporter: CSV exportado: c:\Users\lucas\Documents\TrabalhosFaculdade\LeitorComFront\output\resultados_20260523_125922.csv
2026-05-23 12:59:25,553 [INFO] exporter: Relatório exportado: c:\Users\lucas\Documents\TrabalhosFaculdade\LeitorComFront\output\relatorio_20260523_125922.txt
2026-05-23 13:02:16,831 [WARNING] reader: chardet não instalado. Usando utf-8.
2026-05-23 13:02:16,838 [INFO] reader: Arquivo lido: 01_atendimentos_bagunçados.txt | linhas=4921 | encoding=utf-8
2026-05-23 13:02:16,839 [WARNING] reader: chardet não instalado. Usando utf-8.
2026-05-23 13:02:16,858 [INFO] reader: Arquivo lido: 02_logs_mistos.log | linhas=8000 | encoding=utf-8
2026-05-23 13:02:16,859 [WARNING] reader: chardet não instalado. Usando utf-8.
2026-05-23 13:02:16,865 [INFO] reader: Arquivo lido: 03_mensagens_chat.txt | linhas=3239 | encoding=utf-8
2026-05-23 13:02:16,866 [WARNING] reader: chardet não instalado. Usando utf-8.
2026-05-23 13:02:16,877 [INFO] reader: Arquivo lido: 04_exportacao_suja.csv | linhas=5001 | encoding=utf-8
2026-05-23 13:02:16,883 [INFO] detector: Tipo detectado para 01_atendimentos_bagunçados.txt: chat
2026-05-23 13:02:16,884 [INFO] detector: Tipo detectado para 02_logs_mistos.log: chat
2026-05-23 13:02:16,886 [INFO] detector: Tipo detectado para 03_mensagens_chat.txt: chat
2026-05-23 13:02:16,888 [INFO] detector: Tipo detectado para 04_exportacao_suja.csv: csv
2026-05-23 13:02:16,893 [INFO] extractor: Processando arquivo: 01_atendimentos_bagunçados.txt
2026-05-23 13:02:17,139 [INFO] extractor: Processando arquivo: 02_logs_mistos.log
2026-05-23 13:02:17,710 [INFO] extractor: Processando arquivo: 03_mensagens_chat.txt
2026-05-23 13:02:17,919 [INFO] extractor: Processando arquivo: 04_exportacao_suja.csv
2026-05-23 13:02:18,170 [INFO] extractor: Extração finalizada: 59793 ocorrências
2026-05-23 13:02:18,183 [INFO] validator: Validando 59793 ocorrências
2026-05-23 13:02:18,347 [INFO] validator: Resumo validação | estrutural válido=58967 | estrutural inválido=826 | semântico inválido=8543
2026-05-23 13:02:18,456 [INFO] statistics: Estatísticas calculadas | ocorrências=59793 | inconsistência=15.67% | confiança=0.93
2026-05-23 13:02:19,507 [INFO] exporter: JSON exportado: c:\Users\lucas\Documents\TrabalhosFaculdade\LeitorComFront\output\resultados.json
2026-05-23 13:02:19,779 [INFO] exporter: CSV exportado: c:\Users\lucas\Documents\TrabalhosFaculdade\LeitorComFront\output\resultados_20260523_130216.csv
2026-05-23 13:02:19,780 [INFO] exporter: Relatório exportado: c:\Users\lucas\Documents\TrabalhosFaculdade\LeitorComFront\output\relatorio_20260523_130216.txt
